2025-08-30 15:00:01 - INFO - === CNC-Konverter gestartet ===
2025-08-30 15:00:01 - INFO - Konfiguration erfolgreich geladen
2025-08-30 15:00:01 - INFO - Lade Konfiguration in UI-Elemente...
2025-08-30 15:00:01 - INFO - Alle Konfigurationswerte erfolgreich in UI geladen
2025-08-30 15:00:09 - INFO - Konfiguration zurückgesetzt.
2025-08-30 15:00:09 - DEBUG - Config geändert: source_prefix_count = '3' → '0'
2025-08-30 15:00:09 - INFO - Alle Eingabewerte zurückgesetzt.
2025-08-30 15:00:15 - INFO - Verzeichnis ausgewählt (source): 
2025-08-30 15:00:31 - DEBUG - Config geändert: source_dir = 'C:/Users/ianfe/Documents/Privat/Work/CNC Converter TBM/Code' → 'C:/'
2025-08-30 15:00:31 - INFO - Verzeichnis ausgewählt (source): C:/
2025-08-30 15:00:39 - INFO - === CNC-Konverter beendet ===
2025-08-30 15:00:57 - INFO - === CNC-Konverter gestartet ===
2025-08-30 15:00:57 - INFO - Konfiguration erfolgreich geladen
2025-08-30 15:00:57 - INFO - Lade Konfiguration in UI-Elemente...
2025-08-30 15:00:57 - INFO - Alle Konfigurationswerte erfolgreich in UI geladen
2025-08-30 15:02:04 - DEBUG - Config geändert: source_dir = '' → 'C:/Users/ianfe/Documents/Privat/Work/CNC Converter TBM/Code'
2025-08-30 15:02:04 - INFO - Verzeichnis ausgewählt (source): C:/Users/ianfe/Documents/Privat/Work/CNC Converter TBM/Code
2025-08-30 15:02:39 - INFO - Verzeichnis ausgewählt (converter): C:/Users/ianfe/Documents/Privat/Work/CNC Converter TBM/Code/data
2025-08-30 15:10:51 - INFO - Konfiguration zurückgesetzt.
2025-08-30 15:10:51 - INFO - Alle Eingabewerte zurückgesetzt.
2025-08-30 15:10:55 - INFO - === CNC-Konverter beendet ===
2025-08-30 15:11:03 - INFO - === CNC-Konverter gestartet ===
2025-08-30 15:11:03 - INFO - Konfiguration erfolgreich geladen
2025-08-30 15:11:03 - INFO - Lade Konfiguration in UI-Elemente...
2025-08-30 15:11:03 - INFO - Alle Konfigurationswerte erfolgreich in UI geladen
2025-08-30 15:11:12 - INFO - === CNC-Konverter beendet ===
2025-08-30 15:14:39 - INFO - === CNC-Konverter gestartet ===
2025-08-30 15:14:39 - INFO - Konfiguration erfolgreich geladen
2025-08-30 15:14:39 - INFO - Lade Konfiguration in UI-Elemente...
2025-08-30 15:14:39 - INFO - Alle Konfigurationswerte erfolgreich in UI geladen
2025-08-30 15:14:47 - INFO - === CNC-Konverter beendet ===
2025-08-30 15:15:37 - INFO - === CNC-Konverter gestartet ===
2025-08-30 15:15:37 - INFO - Konfiguration erfolgreich geladen
2025-08-30 15:15:37 - INFO - Lade Konfiguration in UI-Elemente...
2025-08-30 15:15:37 - INFO - Alle Konfigurationswerte erfolgreich in UI geladen
2025-08-30 15:16:12 - INFO - === CNC-Konverter beendet ===
2025-08-30 15:21:24 - INFO - === CNC-Konverter gestartet ===
2025-08-30 15:21:24 - INFO - Konfiguration erfolgreich geladen
2025-08-30 15:21:24 - INFO - Lade Konfiguration in UI-Elemente...
2025-08-30 15:21:24 - INFO - Alle Konfigurationswerte erfolgreich in UI geladen
2025-08-30 15:23:10 - INFO - Konfiguration zurückgesetzt.
2025-08-30 15:23:10 - INFO - Alle Eingabewerte zurückgesetzt.
2025-08-30 15:23:30 - INFO - === CNC-Konverter beendet ===
